<persistence>
	<persistence-unit name="pami">
		<provider>org.hibernate.ejb.HibernatePersistence</provider>
		<jta-data-source>java:jboss/datasources/ExampleDS</jta-data-source>
		<class>ar.gob.pami.jboss.jee.model.Model</class>
		<class>ar.gob.pami.jboss.jee.model.Medicamento</class>
		<properties>
			<property name="hibernate.hbm2ddl.auto" value="update" />
		</properties>
	</persistence-unit>
</persistence>